<?xml version="1.0" encoding="UTF-8"?>
<!-- Generated by org.testng.reporters.JUnitReportReporter -->
<testsuite hostname="NANI" failures="0" tests="1" name="Day_028_WebTable_Examples.ExportEmployees" time="127.275" errors="0" timestamp="2022-06-24T11:58:46 IST" skipped="0">
  <testcase classname="Day_028_WebTable_Examples.ExportEmployees" name="ExportAllEmployees" time="127.275"/>
  <system-out/>
</testsuite> <!-- Day_028_WebTable_Examples.ExportEmployees -->
