<?xml version="1.0" encoding="UTF-8"?>
<!-- Generated by org.testng.reporters.JUnitReportReporter -->
<testsuite hostname="NANI" failures="0" tests="1" name="Day_015_ParallelTests.MercuryTest" time="17.968" errors="0" timestamp="2022-06-25T19:15:04 IST" skipped="0">
  <testcase classname="Day_015_ParallelTests.MercuryTest" name="Open_Mercury" time="17.968"/>
  <system-out/>
</testsuite> <!-- Day_015_ParallelTests.MercuryTest -->
