<?xml version="1.0" encoding="UTF-8"?>
<!-- Generated by org.testng.reporters.JUnitReportReporter -->
<testsuite hostname="NANI" failures="0" tests="1" name="ABC_Demo1.TC01_Login" time="0.012" errors="0" timestamp="2022-07-01T12:43:59 IST" skipped="0">
  <testcase classname="ABC_Demo1.TC01_Login" name="LoginTest" time="0.012"/>
  <system-out/>
</testsuite> <!-- ABC_Demo1.TC01_Login -->
