<?xml version="1.0" encoding="UTF-8"?>
<!-- Generated by org.testng.reporters.JUnitReportReporter -->
<testsuite hostname="NANI" failures="0" tests="1" name="Day_023_File_Upload_Download.FileDownLoadsucess" time="60.822" errors="0" timestamp="2022-06-25T19:00:12 IST" skipped="0">
  <testcase classname="Day_023_File_Upload_Download.FileDownLoadsucess" name="File_Download" time="60.822"/>
  <system-out/>
</testsuite> <!-- Day_023_File_Upload_Download.FileDownLoadsucess -->
