<?xml version="1.0" encoding="UTF-8"?>
<!-- Generated by org.testng.reporters.JUnitReportReporter -->
<testsuite hostname="NANI" failures="0" tests="2" name="Day_033_TestNG_Annotations.AllTests" time="0.017" errors="0" timestamp="2022-07-03T17:43:40 IST" skipped="0">
  <testcase classname="Day_033_TestNG_Annotations.AllTests" name="Test100" time="0.006"/>
  <system-out/>
  <testcase classname="Day_033_TestNG_Annotations.AllTests" name="MainTest" time="0.011"/>
  <system-out/>
</testsuite> <!-- Day_033_TestNG_Annotations.AllTests -->
