<?xml version="1.0" encoding="UTF-8"?>
<!-- Generated by org.testng.reporters.JUnitReportReporter -->
<testsuite hostname="NANI" failures="0" tests="1" name="ABC_Demo114.numberofhyperlinks" time="32.197" errors="0" timestamp="2022-06-30T15:32:25 IST" skipped="0">
  <testcase classname="ABC_Demo114.numberofhyperlinks" name="LoginTest" time="32.197"/>
  <system-out/>
</testsuite> <!-- ABC_Demo114.numberofhyperlinks -->
