<?xml version="1.0" encoding="UTF-8"?>
<!-- Generated by org.testng.reporters.JUnitReportReporter -->
<testsuite hostname="NANI" failures="0" tests="1" name="Day_023_File_Upload_Download.FileUploadsucess" time="75.254" errors="0" timestamp="2022-06-27T14:34:13 IST" skipped="0">
  <testcase classname="Day_023_File_Upload_Download.FileUploadsucess" name="File_upload" time="75.254"/>
  <system-out/>
</testsuite> <!-- Day_023_File_Upload_Download.FileUploadsucess -->
