<?xml version="1.0" encoding="UTF-8"?>
<!-- Generated by org.testng.reporters.JUnitReportReporter -->
<testsuite hostname="NANI" failures="0" tests="1" name="ABC_Demo10.TC01_Login" time="28.754" errors="0" timestamp="2022-07-01T12:49:40 IST" skipped="0">
  <testcase classname="ABC_Demo10.TC01_Login" name="logintest" time="28.754"/>
  <system-out/>
</testsuite> <!-- ABC_Demo10.TC01_Login -->
