<?xml version="1.0" encoding="UTF-8"?>
<!-- Generated by org.testng.reporters.JUnitReportReporter -->
<testsuite hostname="NANI" failures="0" tests="1" name="Day_010_Custimize_EmailableReport_Lab1.TC01_Skills" time="147.228" errors="0" timestamp="2022-07-01T14:51:33 IST" skipped="0">
  <testcase classname="Day_010_Custimize_EmailableReport_Lab1.TC01_Skills" name="TC01_Report_Test" time="147.228"/>
  <system-out>
    <![CDATA[<table> <tr >  <img   style="border:1px solid black;"      src="C:\HTML Report\HtmlTemplates\Logo.JPEG"></tr><tr   ><center><font color="red"  size="15" >TC01_Login</font></center></tr><tr bgcolor="#9370DB"> <th width="100px"> <center><font color="white"  size="4" >Steps</font></center><font color="white"  size="4" ></font></center> </th> <th width="450px" ><center><font color="white"  size="4" >Details </font> </center></th> <th width="100px" ><center><font color="white"  size="4" >Status</font></center></th>  <th  width="250px"  ><center><font color="white"  size="4" >Screen Shots</font></center></th> <th width="250px"  ><center><font color="white"  size="4" >Date & Time</font></center></th>  </tr>       
 <tr bgcolor="#eee"> <th width="100px"> <center>Step&nbsp;1</center> </th> <th width="450px" ><center><b><font color='black'>   Opened Orange HRM</b> </font></center></th> <th width="100px" ><center><img src='file:///C:\HTML Report\HtmlTemplates\passed.ico'    +     "width="30" + height="30"></img></center></th>  <th  width="250px"  ><center><a href=C:/HTML Report/test-output/TempScreenShots/TC01_Login_2022_Jul_01_2_49_09_506_PM/01_Jul_2022 2_50_26_348 PM.png target="popup" onclick="window.open('C:/HTML Report/test-output/TempScreenShots/TC01_Login_2022_Jul_01_2_49_09_506_PM/01_Jul_2022 2_50_26_348 PM.png','popup','width=600,height=600'); return false;"> ScreenShot</a> </center></th> <th width="250px"  ><center>2022_Jul_01_2_50_26_681_PM</center></th>  </tr>      
 <tr bgcolor="#ddd"> <th width="100px"> <center>Step&nbsp;2</center> </th> <th width="450px" ><center><b><font color='black'>   Username Entered</b> </font></center></th> <th width="100px" ><center><img src='file:///C:\HTML Report\HtmlTemplates\passed.ico'    +     "width="30" + height="30"></img></center></th>  <th  width="250px"  ><center><a href=C:/HTML Report/test-output/TempScreenShots/TC01_Login_2022_Jul_01_2_49_09_506_PM/01_Jul_2022 2_50_26_813 PM.png target="popup" onclick="window.open('C:/HTML Report/test-output/TempScreenShots/TC01_Login_2022_Jul_01_2_49_09_506_PM/01_Jul_2022 2_50_26_813 PM.png','popup','width=600,height=600'); return false;"> ScreenShot</a> </center></th> <th width="250px"  ><center>2022_Jul_01_2_50_26_974_PM</center></th>  </tr>      
 <tr bgcolor="#eee"> <th width="100px"> <center>Step&nbsp;3</center> </th> <th width="450px" ><center><b><font color='black'>   Password Entered</b> </font></center></th> <th width="100px" ><center><img src='file:///C:\HTML Report\HtmlTemplates\passed.ico'    +     "width="30" + height="30"></img></center></th>  <th  width="250px"  ><center><a href=C:/HTML Report/test-output/TempScreenShots/TC01_Login_2022_Jul_01_2_49_09_506_PM/01_Jul_2022 2_50_27_055 PM.png target="popup" onclick="window.open('C:/HTML Report/test-output/TempScreenShots/TC01_Login_2022_Jul_01_2_49_09_506_PM/01_Jul_2022 2_50_27_055 PM.png','popup','width=600,height=600'); return false;"> ScreenShot</a> </center></th> <th width="250px"  ><center>2022_Jul_01_2_50_27_199_PM</center></th>  </tr>      
 <tr bgcolor="#ddd"> <th width="100px"> <center>Step&nbsp;4</center> </th> <th width="450px" ><center><b><font color='black'>   Clicked on Signin</b> </font></center></th> <th width="100px" ><center><img src='file:///C:\HTML Report\HtmlTemplates\failed.ico'    +     "width="30" + height="30"></img></center></th>  <th  width="250px"  ><center><a href=C:/HTML Report/test-output/TempScreenShots/TC01_Login_2022_Jul_01_2_49_09_506_PM/01_Jul_2022 2_51_33_341 PM.png target="popup" onclick="window.open('C:/HTML Report/test-output/TempScreenShots/TC01_Login_2022_Jul_01_2_49_09_506_PM/01_Jul_2022 2_51_33_341 PM.png','popup','width=600,height=600'); return false;"> ScreenShot</a> </center></th> <th width="250px"  ><center>2022_Jul_01_2_51_33_475_PM</center></th>  </tr>      ]]>
  </system-out>
</testsuite> <!-- Day_010_Custimize_EmailableReport_Lab1.TC01_Skills -->
