<?xml version="1.0" encoding="UTF-8"?>
<!-- Generated by org.testng.reporters.JUnitReportReporter -->
<testsuite hostname="NANI" failures="0" tests="1" name="Day_028_WebTable_Examples.exporttoexcel" time="56.325" errors="0" timestamp="2022-06-24T19:19:04 IST" skipped="0">
  <testcase classname="Day_028_WebTable_Examples.exporttoexcel" name="exporttoexcel" time="56.325"/>
  <system-out/>
</testsuite> <!-- Day_028_WebTable_Examples.exporttoexcel -->
