<?xml version="1.0" encoding="UTF-8"?>
<!-- Generated by org.testng.reporters.JUnitReportReporter -->
<testsuite hostname="NANI" failures="0" tests="1" name="Day_022_Action_class.TC01_Mouse_Hover_Action2" time="45.942" errors="0" timestamp="2022-06-25T22:51:22 IST" skipped="0">
  <testcase classname="Day_022_Action_class.TC01_Mouse_Hover_Action2" name="Login_Test" time="45.942"/>
  <system-out/>
</testsuite> <!-- Day_022_Action_class.TC01_Mouse_Hover_Action2 -->
