<?xml version="1.0" encoding="UTF-8"?>
<!-- Generated by org.testng.reporters.JUnitReportReporter -->
<testsuite hostname="NANI" failures="0" tests="1" name="Day_36_Desired_Capabilities.IEtestforDesiredCapabilities" time="26.658" errors="0" timestamp="2022-06-29T15:23:37 IST" skipped="0">
  <testcase classname="Day_36_Desired_Capabilities.IEtestforDesiredCapabilities" name="Open_OrangeHRM" time="26.658"/>
  <system-out/>
</testsuite> <!-- Day_36_Desired_Capabilities.IEtestforDesiredCapabilities -->
