<?xml version="1.0" encoding="UTF-8"?>
<!-- Generated by org.testng.reporters.JUnitReportReporter -->
<testsuite hostname="NANI" failures="0" tests="1" name="Day_43_Smart_Search.TC014_Startswith2" time="19.678" errors="0" timestamp="2022-06-29T15:10:54 IST" skipped="0">
  <testcase classname="Day_43_Smart_Search.TC014_Startswith2" name="Test1" time="19.678"/>
  <system-out/>
</testsuite> <!-- Day_43_Smart_Search.TC014_Startswith2 -->
