<?xml version="1.0" encoding="UTF-8"?>
<!-- Generated by org.testng.reporters.JUnitReportReporter -->
<testsuite hostname="NANI" failures="0" tests="1" name="Day_43_Smart_Search.TC014_Startswith" time="22.948" errors="0" timestamp="2022-06-29T14:56:38 IST" skipped="0">
  <testcase classname="Day_43_Smart_Search.TC014_Startswith" name="Test1" time="22.948"/>
  <system-out/>
</testsuite> <!-- Day_43_Smart_Search.TC014_Startswith -->
